admin-dashboard/src/app/(admin)/bookings/[id]/page.tsx(2,20): error TS2307: Cannot find module '@/components/ui/button/Button' or its corresponding type declarations.
admin-dashboard/src/app/(admin)/bookings/[id]/page.tsx(3,48): error TS2307: Cannot find module '@/lib/appwrite' or its corresponding type declarations.
admin-dashboard/src/app/(admin)/bookings/page.tsx(2,26): error TS2307: Cannot find module '@/components/bookings/BookingTable' or its corresponding type declarations.
admin-dashboard/src/app/(admin)/bookings/page.tsx(3,48): error TS2307: Cannot find module '@/lib/appwrite' or its corresponding type declarations.
admin-dashboard/src/app/(admin)/layout.tsx(3,28): error TS2307: Cannot find module '@/context/SidebarContext' or its corresponding type declarations.
admin-dashboard/src/app/(admin)/layout.tsx(4,23): error TS2307: Cannot find module '@/layout/AppHeader' or its corresponding type declarations.
admin-dashboard/src/app/(admin)/layout.tsx(5,24): error TS2307: Cannot find module '@/layout/AppSidebar' or its corresponding type declarations.
admin-dashboard/src/app/(admin)/layout.tsx(6,22): error TS2307: Cannot find module '@/layout/Backdrop' or its corresponding type declarations.
admin-dashboard/src/app/(admin)/packages/[id]/edit/page.tsx(3,25): error TS2307: Cannot find module '@/components/packages/PackageForm' or its corresponding type declarations.
admin-dashboard/src/app/(admin)/packages/[id]/edit/page.tsx(11,8): error TS2307: Cannot find module '@/lib/appwrite' or its corresponding type declarations.
admin-dashboard/src/app/(admin)/packages/create/page.tsx(3,25): error TS2307: Cannot find module '@/components/packages/PackageForm' or its corresponding type declarations.
admin-dashboard/src/app/(admin)/packages/create/page.tsx(12,8): error TS2307: Cannot find module '@/lib/appwrite' or its corresponding type declarations.
admin-dashboard/src/app/(admin)/packages/page.tsx(2,26): error TS2307: Cannot find module '@/components/packages/PackageTable' or its corresponding type declarations.
admin-dashboard/src/app/(admin)/packages/page.tsx(3,20): error TS2307: Cannot find module '@/components/ui/button/Button' or its corresponding type declarations.
admin-dashboard/src/app/(admin)/packages/page.tsx(4,26): error TS2307: Cannot find module '@/icons' or its corresponding type declarations.
admin-dashboard/src/app/(admin)/packages/page.tsx(5,48): error TS2307: Cannot find module '@/lib/appwrite' or its corresponding type declarations.
admin-dashboard/src/app/(admin)/page.tsx(6,8): error TS2307: Cannot find module '@/icons' or its corresponding type declarations.
admin-dashboard/src/app/(admin)/page.tsx(7,48): error TS2307: Cannot find module '@/lib/appwrite' or its corresponding type declarations.
admin-dashboard/src/app/(admin)/payments/[id]/page.tsx(2,48): error TS2307: Cannot find module '@/lib/appwrite' or its corresponding type declarations.
admin-dashboard/src/app/(admin)/payments/page.tsx(2,48): error TS2307: Cannot find module '@/lib/appwrite' or its corresponding type declarations.
admin-dashboard/src/app/(admin)/reviews/page.tsx(2,25): error TS2307: Cannot find module '@/components/reviews/ReviewTable' or its corresponding type declarations.
admin-dashboard/src/app/(admin)/reviews/page.tsx(3,48): error TS2307: Cannot find module '@/lib/appwrite' or its corresponding type declarations.
admin-dashboard/src/app/(admin)/reviews/page.tsx(27,51): error TS7006: Parameter 'r' implicitly has an 'any' type.
admin-dashboard/src/app/(admin)/reviews/page.tsx(28,54): error TS7006: Parameter 'r' implicitly has an 'any' type.
admin-dashboard/src/app/(admin)/reviews/page.tsx(48,22): error TS2538: Type 'unknown' cannot be used as an index type.
admin-dashboard/src/app/(admin)/reviews/page.tsx(50,22): error TS2538: Type 'unknown' cannot be used as an index type.
admin-dashboard/src/app/(admin)/reviews/page.tsx(64,25): error TS2538: Type 'unknown' cannot be used as an index type.
admin-dashboard/src/app/(admin)/reviews/page.tsx(66,25): error TS2538: Type 'unknown' cannot be used as an index type.
admin-dashboard/src/app/(admin)/reviews/page.tsx(72,40): error TS7006: Parameter 'r' implicitly has an 'any' type.
admin-dashboard/src/app/(admin)/reviews/page.tsx(137,23): error TS7006: Parameter 'id' implicitly has an 'any' type.
admin-dashboard/src/app/(admin)/reviews/page.tsx(138,22): error TS7006: Parameter 'id' implicitly has an 'any' type.
admin-dashboard/src/app/(admin)/tickets/[id]/page.tsx(2,32): error TS2307: Cannot find module '@/icons' or its corresponding type declarations.
admin-dashboard/src/app/(admin)/tickets/[id]/page.tsx(3,48): error TS2307: Cannot find module '@/lib/appwrite' or its corresponding type declarations.
admin-dashboard/src/app/(admin)/tickets/page.tsx(2,25): error TS2307: Cannot find module '@/components/tickets/TicketTable' or its corresponding type declarations.
admin-dashboard/src/app/(admin)/tickets/page.tsx(3,48): error TS2307: Cannot find module '@/lib/appwrite' or its corresponding type declarations.
admin-dashboard/src/app/(admin)/tickets/page.tsx(26,51): error TS7006: Parameter 't' implicitly has an 'any' type.
admin-dashboard/src/app/(admin)/tickets/page.tsx(38,22): error TS2538: Type 'unknown' cannot be used as an index type.
admin-dashboard/src/app/(admin)/tickets/page.tsx(40,22): error TS2538: Type 'unknown' cannot be used as an index type.
admin-dashboard/src/app/(admin)/tickets/page.tsx(46,40): error TS7006: Parameter 't' implicitly has an 'any' type.
admin-dashboard/src/app/(admin)/users/[id]/page.tsx(2,26): error TS2307: Cannot find module '@/components/bookings/BookingTable' or its corresponding type declarations.
admin-dashboard/src/app/(admin)/users/[id]/page.tsx(3,26): error TS2307: Cannot find module '@/icons' or its corresponding type declarations.
admin-dashboard/src/app/(admin)/users/[id]/page.tsx(4,48): error TS2307: Cannot find module '@/lib/appwrite' or its corresponding type declarations.
admin-dashboard/src/app/(admin)/users/page.tsx(2,23): error TS2307: Cannot find module '@/components/users/UserTable' or its corresponding type declarations.
admin-dashboard/src/app/(admin)/users/page.tsx(3,48): error TS2307: Cannot find module '@/lib/appwrite' or its corresponding type declarations.
admin-dashboard/src/app/(full-width-pages)/(auth)/layout.tsx(1,23): error TS2307: Cannot find module '@/components/common/GridShape' or its corresponding type declarations.
admin-dashboard/src/app/(full-width-pages)/(auth)/layout.tsx(2,29): error TS2307: Cannot find module '@/components/common/ThemeTogglerTwo' or its corresponding type declarations.
admin-dashboard/src/app/(full-width-pages)/(auth)/layout.tsx(4,31): error TS2307: Cannot find module '@/context/ThemeContext' or its corresponding type declarations.
admin-dashboard/src/app/(full-width-pages)/(auth)/signin/page.tsx(1,24): error TS2307: Cannot find module '@/components/auth/SignInForm' or its corresponding type declarations.
admin-dashboard/src/app/(full-width-pages)/(auth)/signup/page.tsx(1,24): error TS2307: Cannot find module '@/components/auth/SignUpForm' or its corresponding type declarations.
admin-dashboard/src/app/(full-width-pages)/(error-pages)/error-404/page.tsx(1,23): error TS2307: Cannot find module '@/components/common/GridShape' or its corresponding type declarations.
admin-dashboard/src/app/layout.tsx(1,33): error TS2307: Cannot find module '@/context/SidebarContext' or its corresponding type declarations.
admin-dashboard/src/app/layout.tsx(2,31): error TS2307: Cannot find module '@/context/ThemeContext' or its corresponding type declarations.
admin-dashboard/src/app/not-found.tsx(1,23): error TS2307: Cannot find module '@/components/common/GridShape' or its corresponding type declarations.
admin-dashboard/src/components/auth/SignInForm.tsx(2,22): error TS2307: Cannot find module '@/components/form/input/Checkbox' or its corresponding type declarations.
admin-dashboard/src/components/auth/SignInForm.tsx(3,19): error TS2307: Cannot find module '@/components/form/input/InputField' or its corresponding type declarations.
admin-dashboard/src/components/auth/SignInForm.tsx(4,19): error TS2307: Cannot find module '@/components/form/Label' or its corresponding type declarations.
admin-dashboard/src/components/auth/SignInForm.tsx(5,20): error TS2307: Cannot find module '@/components/ui/button/Button' or its corresponding type declarations.
admin-dashboard/src/components/auth/SignInForm.tsx(6,39): error TS2307: Cannot find module '@/icons' or its corresponding type declarations.
admin-dashboard/src/components/auth/SignInForm.tsx(7,25): error TS2307: Cannot find module '@/lib/appwrite' or its corresponding type declarations.
admin-dashboard/src/components/auth/SignInForm.tsx(63,32): error TS7006: Parameter 'e' implicitly has an 'any' type.
admin-dashboard/src/components/auth/SignInForm.tsx(76,34): error TS7006: Parameter 'e' implicitly has an 'any' type.
admin-dashboard/src/components/auth/SignUpForm.tsx(2,22): error TS2307: Cannot find module '@/components/form/input/Checkbox' or its corresponding type declarations.
admin-dashboard/src/components/auth/SignUpForm.tsx(3,19): error TS2307: Cannot find module '@/components/form/input/InputField' or its corresponding type declarations.
admin-dashboard/src/components/auth/SignUpForm.tsx(4,19): error TS2307: Cannot find module '@/components/form/Label' or its corresponding type declarations.
admin-dashboard/src/components/auth/SignUpForm.tsx(5,56): error TS2307: Cannot find module '@/icons' or its corresponding type declarations.
admin-dashboard/src/components/common/ThemeTogglerTwo.tsx(2,26): error TS2307: Cannot find module '@/context/ThemeContext' or its corresponding type declarations.
admin-dashboard/src/components/example/ModalExample/DefaultModal.tsx(7,26): error TS2307: Cannot find module '@/hooks/useModal' or its corresponding type declarations.
admin-dashboard/src/components/example/ModalExample/FormInModal.tsx(8,26): error TS2307: Cannot find module '@/hooks/useModal' or its corresponding type declarations.
admin-dashboard/src/components/example/ModalExample/FullScreenModal.tsx(2,26): error TS2307: Cannot find module '@/hooks/useModal' or its corresponding type declarations.
admin-dashboard/src/components/example/ModalExample/ModalBasedAlerts.tsx(6,26): error TS2307: Cannot find module '@/hooks/useModal' or its corresponding type declarations.
admin-dashboard/src/components/example/ModalExample/VerticallyCenteredModal.tsx(6,26): error TS2307: Cannot find module '@/hooks/useModal' or its corresponding type declarations.
admin-dashboard/src/components/form/form-elements/DefaultInputs.tsx(8,24): error TS2307: Cannot find module '@/components/form/date-picker' or its corresponding type declarations.
admin-dashboard/src/components/form/form-elements/DefaultInputs.tsx(70,24): error TS7006: Parameter 'dates' implicitly has an 'any' type.
admin-dashboard/src/components/form/form-elements/DefaultInputs.tsx(70,31): error TS7006: Parameter 'currentDateString' implicitly has an 'any' type.
admin-dashboard/src/components/form/form-elements/SelectInputs.tsx(7,33): error TS2307: Cannot find module '@/icons' or its corresponding type declarations.
admin-dashboard/src/components/header/NotificationDropdown.tsx(2,48): error TS2307: Cannot find module '@/lib/appwrite' or its corresponding type declarations.
admin-dashboard/src/components/notifications/NotificationDropdown.tsx(2,26): error TS2307: Cannot find module '@/icons' or its corresponding type declarations.
admin-dashboard/src/components/notifications/NotificationDropdown.tsx(3,48): error TS2307: Cannot find module '@/lib/appwrite' or its corresponding type declarations.
admin-dashboard/src/components/packages/ItineraryBuilder.tsx(2,40): error TS2307: Cannot find module '@/icons' or its corresponding type declarations.
admin-dashboard/src/components/packages/PackageForm.tsx(2,19): error TS2307: Cannot find module '@/components/form/input/InputField' or its corresponding type declarations.
admin-dashboard/src/components/packages/PackageForm.tsx(3,19): error TS2307: Cannot find module '@/components/form/Label' or its corresponding type declarations.
admin-dashboard/src/components/packages/PackageForm.tsx(4,20): error TS2307: Cannot find module '@/components/ui/button/Button' or its corresponding type declarations.
admin-dashboard/src/components/packages/PackageTable.tsx(2,42): error TS2307: Cannot find module '@/icons' or its corresponding type declarations.
admin-dashboard/src/components/tickets/TicketTable.tsx(2,25): error TS2307: Cannot find module '@/icons' or its corresponding type declarations.
admin-dashboard/src/components/ui/video/VideosExample.tsx(3,27): error TS2307: Cannot find module '@/components/common/ComponentCard' or its corresponding type declarations.
admin-dashboard/src/components/users/UserTable.tsx(2,26): error TS2307: Cannot find module '@/icons' or its corresponding type declarations.
admin-dashboard/src/layout/AppHeader.tsx(2,35): error TS2307: Cannot find module '@/components/common/ThemeToggleButton' or its corresponding type declarations.
admin-dashboard/src/layout/AppHeader.tsx(3,34): error TS2307: Cannot find module '@/components/header/NotificationDropdown' or its corresponding type declarations.
admin-dashboard/src/layout/AppHeader.tsx(4,26): error TS2307: Cannot find module '@/components/header/UserDropdown' or its corresponding type declarations.
admin-dashboard/src/layout/AppHeader.tsx(5,28): error TS2307: Cannot find module '@/context/SidebarContext' or its corresponding type declarations.
admin-dashboard/src/layout/Backdrop.tsx(1,28): error TS2307: Cannot find module '@/context/SidebarContext' or its corresponding type declarations.
