app/(auth)/verify-email.tsx(82,45): error TS2345: Argument of type '"/(tabs)/"' is not assignable to parameter of type 'RelativePathString | ExternalPathString | "/compare" | `/compare?${string}` | `/compare#${string}` | "/" | `/?${string}` | `/#${string}` | "/(auth)/onboarding" | `/(auth)/onboarding?${string}` | ... 175 more ... | { ...; }'.
app/booking/[packageId]/review.tsx(36,11): error TS2339: Property 'initiatePayment' does not exist on type '{ startPayment: (bookingId: string, amount: number, currency?: string, customerId?: string | undefined) => Promise<{ success: boolean; status?: string | undefined; paymentIntentId?: string | undefined; error?: string | undefined; }>; isProcessing: boolean; }'.
app/bookings/[id].tsx(89,63): error TS2304: Cannot find name 'usePayment'.
